Arguments: 
  /home/kn/.volta/tools/image/node/16.13.2/bin/node /home/kn/.volta/tools/image/yarn/1.22.17/bin/yarn.js init

PATH: 
  /home/kn/.volta/tools/image/yarn/1.22.17/bin:/home/kn/.volta/tools/image/node/16.13.2/bin:/home/kn/.volta/bin:/home/kn/.nvm/versions/node/v17.1.0/bin:/home/kn/Desktop/code/aws/devops/cloudformation/google-cloud-sdk/bin:/home/kn/.volta/bin:/home/kn/.cargo/bin:/usr/local/bin:/usr/bin:/usr/local/sbin:/usr/lib/jvm/default/bin:/usr/bin/site_perl:/usr/bin/vendor_perl:/usr/bin/core_perl:/home/kn/.config/nvim/pack/fzf/bin:/opt/flutter/bin

Yarn version: 
  1.22.17

Node version: 
  16.13.2

Platform: 
  linux x64

Trace: 
  Error: canceled
      at Interface.<anonymous> (/home/kn/.volta/tools/image/yarn/1.22.17/lib/cli.js:137143:13)
      at Interface.emit (node:events:390:28)
      at Interface._ttyWrite (node:readline:1081:16)
      at ReadStream.onkeypress (node:readline:288:10)
      at ReadStream.emit (node:events:390:28)
      at emitKeys (node:internal/readline/utils:358:14)
      at emitKeys.next (<anonymous>)
      at ReadStream.onData (node:internal/readline/emitKeypressEvents:61:36)
      at ReadStream.emit (node:events:390:28)
      at addChunk (node:internal/streams/readable:315:12)

npm manifest: 
  No manifest

yarn manifest: 
  No manifest

Lockfile: 
  No lockfile
